#
# There is insufficient memory for the Java Runtime Environment to continue.
# Native memory allocation (malloc) failed to allocate 13651968 bytes for object start array expansion
# Possible reasons:
#   The system is out of physical RAM or swap space
#   In 32 bit mode, the process size limit was hit
# Possible solutions:
#   Reduce memory load on the system
#   Increase physical memory or swap space
#   Check if swap backing store is full
#   Use 64 bit Java on a 64 bit OS
#   Decrease Java heap size (-Xmx/-Xms)
#   Decrease number of Java threads
#   Decrease Java thread stack sizes (-Xss)
#   Set larger code cache with -XX:ReservedCodeCacheSize=
# This output file may be truncated or incomplete.
#
#  Out of Memory Error (objectStartArray.cpp:96), pid=5384, tid=1444
#
# JRE version: 7.0_07-b10
# Java VM: Java HotSpot(TM) 64-Bit Server VM (23.3-b01 mixed mode windows-amd64 compressed oops)
# Failed to write core dump. Minidumps are not enabled by default on client versions of Windows
#

---------------  T H R E A D  ---------------

Current thread (0x000000000c855000):  VMThread [stack: 0x000000000e4c0000,0x000000000e5c0000] [id=1444]

Stack: [0x000000000e4c0000,0x000000000e5c0000]
VM_Operation (0x000000005b58f060): ParallelGCFailedAllocation, mode: safepoint, requested by thread 0x000000000ec81800


---------------  P R O C E S S  ---------------

Java Threads: ( => current thread )
  0x000000000eb3f800 JavaThread "Thread-11" [_thread_blocked, id=3348, stack(0x000000005b5b0000,0x000000005b6b0000)]
  0x000000000eb3e800 JavaThread "Thread-10" [_thread_blocked, id=3960, stack(0x0000000059ea0000,0x0000000059fa0000)]
  0x000000000ec81800 JavaThread "Thread-9" [_thread_blocked, id=5216, stack(0x000000005b490000,0x000000005b590000)]
  0x000000000ec85000 JavaThread "Thread-8" [_thread_blocked, id=5748, stack(0x00000000591b0000,0x00000000592b0000)]
  0x000000000265c800 JavaThread "DestroyJavaVM" [_thread_blocked, id=4980, stack(0x0000000002850000,0x0000000002950000)]
  0x000000000ec83000 JavaThread "Animation Thread" [_thread_blocked, id=184, stack(0x000000005a330000,0x000000005a430000)]
  0x000000000eb9f800 JavaThread "AWT-EventQueue-0" [_thread_blocked, id=6280, stack(0x0000000059490000,0x0000000059590000)]
  0x000000000eb9d800 JavaThread "AWT-Windows" daemon [_thread_blocked, id=736, stack(0x0000000059090000,0x0000000059190000)]
  0x000000000eb15800 JavaThread "AWT-Shutdown" [_thread_blocked, id=3252, stack(0x0000000058f80000,0x0000000059080000)]
  0x000000000ebc2800 JavaThread "Java2D Disposer" daemon [_thread_blocked, id=1520, stack(0x000000000e7e0000,0x000000000e8e0000)]
  0x000000000ea79000 JavaThread "Service Thread" daemon [_thread_blocked, id=6152, stack(0x0000000058b20000,0x0000000058c20000)]
  0x000000000ea6a000 JavaThread "C2 CompilerThread1" daemon [_thread_blocked, id=3728, stack(0x00000000589a0000,0x0000000058aa0000)]
  0x000000000ea5b000 JavaThread "C2 CompilerThread0" daemon [_thread_blocked, id=5608, stack(0x0000000058870000,0x0000000058970000)]
  0x000000000ea5a000 JavaThread "Attach Listener" daemon [_thread_blocked, id=7068, stack(0x0000000058770000,0x0000000058870000)]
  0x000000000ea59000 JavaThread "Signal Dispatcher" daemon [_thread_blocked, id=5332, stack(0x000000000ee80000,0x000000000ef80000)]
  0x000000000c866000 JavaThread "Finalizer" daemon [_thread_blocked, id=3272, stack(0x000000000e910000,0x000000000ea10000)]
  0x000000000c85d000 JavaThread "Reference Handler" daemon [_thread_blocked, id=2240, stack(0x000000000e650000,0x000000000e750000)]

Other Threads:
=>0x000000000c855000 VMThread [stack: 0x000000000e4c0000,0x000000000e5c0000] [id=1444]
  0x000000000ea81800 WatcherThread [stack: 0x0000000058c90000,0x0000000058d90000] [id=5424]

VM state:at safepoint (normal execution)

VM Mutex/Monitor currently owned by a thread:  ([mutex/lock_event])
[0x000000000265a850] ExpandHeap_lock - owner thread: 0x000000000c855000
[0x000000000265aed0] Threads_lock - owner thread: 0x000000000c855000
[0x000000000265b3d0] Heap_lock - owner thread: 0x000000000ec81800

Heap
 PSYoungGen      total 5973312K, used 0K [0x00000006268a0000, 0x00000007c7340000, 0x00000008978a0000)
  eden space 5120000K, 0% used [0x00000006268a0000,0x00000006268a0000,0x000000075f0a0000)
  from space 853312K, 0% used [0x000000075f0a0000,0x000000075f0a0000,0x00000007931f0000)
  to   space 853312K, 0% used [0x00000007931f0000,0x00000007931f0000,0x00000007c7340000)
 ParOldGen       total 13653376K, used 12790850K [0x00000001448a0000, 0x00000006268a0000, 0x00000006268a0000)
  object space 13653376K, 93% used [0x00000001448a0000,0x00000004513b0968,0x0000000485e00000)
 PSPermGen       total 21248K, used 7689K [0x000000013f6a0000, 0x0000000140b60000, 0x00000001448a0000)
  object space 21248K, 36% used [0x000000013f6a0000,0x000000013fe22620,0x0000000140b60000)

Card table byte_map: [0x0000000005950000,0x0000000009420000] byte_map_base: 0x0000000004f54b00

Polling page: 0x0000000001c50000

Code Cache  [0x0000000002950000, 0x0000000002bc0000, 0x0000000005950000)
 total_blobs=423 nmethods=33 adapters=342 free_code_cache=48597Kb largest_free_block=49741760

Compilation events (10 events):
Event: 4.275 Thread 0x000000000ea5b000    5 %           FractalThread::run @ 8 (196 bytes)
Event: 4.289 Thread 0x000000000ea5b000 nmethod 5% 0x00000000029d7250 code [0x00000000029d74a0, 0x00000000029d8018]
Event: 6.280 Thread 0x000000000ea6a000    6 %           FractalFlameV2::draw @ 270 (602 bytes)
Event: 6.287 Thread 0x000000000ea6a000 nmethod 6% 0x00000000029d4750 code [0x00000000029d4960, 0x00000000029d5508]
Event: 6.298 Thread 0x000000000ea5b000   24             FractalThread::run (196 bytes)
Event: 6.304 Thread 0x000000000ea6a000   25             FractalFlameV2::draw (602 bytes)
Event: 6.311 Thread 0x000000000ea5b000 nmethod 24 0x00000000029d8810 code [0x00000000029d8a60, 0x00000000029d95a8]
Event: 6.318 Thread 0x000000000ea6a000 nmethod 25 0x00000000029db310 code [0x00000000029db540, 0x00000000029dc338]
Event: 6.319 Thread 0x000000000ea5b000    7 %           FractalFlameV2::draw @ 17 (602 bytes)
Event: 6.335 Thread 0x000000000ea5b000 nmethod 7% 0x00000000029de410 code [0x00000000029de640, 0x00000000029df988]

GC Heap History (5 events):
Event: 19.465 GC heap before
{Heap before GC invocations=1 (full 0):
 PSYoungGen      total 5973312K, used 5120000K [0x00000006268a0000, 0x00000007c7340000, 0x00000008978a0000)
  eden space 5120000K, 100% used [0x00000006268a0000,0x000000075f0a0000,0x000000075f0a0000)
  from space 853312K, 0% used [0x00000007931f0000,0x00000007931f0000,0x00000007c7340000)
  to   space 853312K, 0% used [0x000000075f0a0000,0x000000075f0a0000,0x00000007931f0000)
 ParOldGen       total 13653376K, used 12700800K [0x00000001448a0000, 0x0000000485e00000, 0x00000006268a0000)
  object space 13653376K, 93% used [0x00000001448a0000,0x000000044bbc0010,0x0000000485e00000)
 PSPermGen       total 21248K, used 7689K [0x000000013f6a0000, 0x0000000140b60000, 0x00000001448a0000)
  object space 21248K, 36% used [0x000000013f6a0000,0x000000013fe22530,0x0000000140b60000)
Event: 19.528 GC heap after
Heap after GC invocations=1 (full 0):
 PSYoungGen      total 5973312K, used 195692K [0x00000006268a0000, 0x00000007c7340000, 0x00000008978a0000)
  eden space 5120000K, 0% used [0x00000006268a0000,0x00000006268a0000,0x000000075f0a0000)
  from space 853312K, 22% used [0x000000075f0a0000,0x000000076afbb388,0x00000007931f0000)
  to   space 853312K, 0% used [0x00000007931f0000,0x00000007931f0000,0x00000007c7340000)
 ParOldGen       total 13653376K, used 12765600K [0x00000001448a0000, 0x0000000485e00000, 0x00000006268a0000)
  object space 13653376K, 93% used [0x00000001448a0000,0x000000044fb08020,0x0000000485e00000)
 PSPermGen       total 21248K, used 7689K [0x000000013f6a0000, 0x0000000140b60000, 0x00000001448a0000)
  object space 21248K, 36% used [0x000000013f6a0000,0x000000013fe22530,0x0000000140b60000)
}
Event: 19.528 GC heap before
{Heap before GC invocations=2 (full 1):
 PSYoungGen      total 5973312K, used 195692K [0x00000006268a0000, 0x00000007c7340000, 0x00000008978a0000)
  eden space 5120000K, 0% used [0x00000006268a0000,0x00000006268a0000,0x000000075f0a0000)
  from space 853312K, 22% used [0x000000075f0a0000,0x000000076afbb388,0x00000007931f0000)
  to   space 853312K, 0% used [0x00000007931f0000,0x00000007931f0000,0x00000007c7340000)
 ParOldGen       total 13653376K, used 12765600K [0x00000001448a0000, 0x0000000485e00000, 0x00000006268a0000)
  object space 13653376K, 93% used [0x00000001448a0000,0x000000044fb08020,0x0000000485e00000)
 PSPermGen       total 21248K, used 7689K [0x000000013f6a0000, 0x0000000140b60000, 0x00000001448a0000)
  object space 21248K, 36% used [0x000000013f6a0000,0x000000013fe22530,0x0000000140b60000)
Event: 19.750 GC heap after
Heap after GC invocations=2 (full 1):
 PSYoungGen      total 5973312K, used 0K [0x00000006268a0000, 0x00000007c7340000, 0x00000008978a0000)
  eden space 5120000K, 0% used [0x00000006268a0000,0x00000006268a0000,0x000000075f0a0000)
  from space 853312K, 0% used [0x000000075f0a0000,0x000000075f0a0000,0x00000007931f0000)
  to   space 853312K, 0% used [0x00000007931f0000,0x00000007931f0000,0x00000007c7340000)
 ParOldGen       total 13653376K, used 12791010K [0x00000001448a0000, 0x0000000485e00000, 0x00000006268a0000)
  object space 13653376K, 93% used [0x00000001448a0000,0x00000004513d8b58,0x0000000485e00000)
 PSPermGen       total 21248K, used 7686K [0x000000013f6a0000, 0x0000000140b60000, 0x00000001448a0000)
  object space 21248K, 36% used [0x000000013f6a0000,0x000000013fe219b0,0x0000000140b60000)
}
Event: 28.848 GC heap before
{Heap before GC invocations=3 (full 2):
 PSYoungGen      total 5973312K, used 5120000K [0x00000006268a0000, 0x00000007c7340000, 0x00000008978a0000)
  eden space 5120000K, 100% used [0x00000006268a0000,0x000000075f0a0000,0x000000075f0a0000)
  from space 853312K, 0% used [0x000000075f0a0000,0x000000075f0a0000,0x00000007931f0000)
  to   space 853312K, 0% used [0x00000007931f0000,0x00000007931f0000,0x00000007c7340000)
 ParOldGen       total 13653376K, used 12791010K [0x00000001448a0000, 0x0000000485e00000, 0x00000006268a0000)
  object space 13653376K, 93% used [0x00000001448a0000,0x00000004513d8b58,0x0000000485e00000)
 PSPermGen       total 21248K, used 7689K [0x000000013f6a0000, 0x0000000140b60000, 0x00000001448a0000)
  object space 21248K, 36% used [0x000000013f6a0000,0x000000013fe22620,0x0000000140b60000)

Deoptimization events (2 events):
Event: 4.246 Thread 0x000000000ec83000 Uncommon trap -83 fr.pc 0x00000000029ceddc
Event: 6.278 Thread 0x000000000ec83000 Uncommon trap -83 fr.pc 0x00000000029d20cc

Internal exceptions (10 events):
Event: 2.779 Thread 0x000000000ec83000 Threw 0x00000006447c2668 at C:\jdk7u1_64p\jdk7u7\hotspot\src\share\vm\prims\jvm.cpp:1166
Event: 4.222 Thread 0x000000000ec83000 Threw 0x00000006447c3f68 at C:\jdk7u1_64p\jdk7u7\hotspot\src\share\vm\prims\jvm.cpp:1166
Event: 4.223 Thread 0x000000000ec83000 Threw 0x00000006447c6d60 at C:\jdk7u1_64p\jdk7u7\hotspot\src\share\vm\prims\jvm.cpp:1166
Event: 4.227 Thread 0x000000000265c800 Threw 0x0000000626aa0ef8 at C:\jdk7u1_64p\jdk7u7\hotspot\src\share\vm\prims\jvm.cpp:1166
Event: 6.298 Thread 0x000000000ec83000 Threw 0x0000000644fb1df0 at C:\jdk7u1_64p\jdk7u7\hotspot\src\share\vm\interpreter\linkResolver.cpp:805
Event: 13.445 Thread 0x000000000ec83000 Threw 0x0000000644fb2cf0 at C:\jdk7u1_64p\jdk7u7\hotspot\src\share\vm\interpreter\linkResolver.cpp:805
Event: 19.753 Thread 0x000000000ec83000 Threw 0x000000064dfa0288 at C:\jdk7u1_64p\jdk7u7\hotspot\src\share\vm\interpreter\linkResolver.cpp:805
Event: 19.753 Thread 0x000000000ec83000 Threw 0x000000064dfa03a8 at C:\jdk7u1_64p\jdk7u7\hotspot\src\share\vm\interpreter\linkResolver.cpp:805
Event: 19.753 Thread 0x000000000ec83000 Threw 0x000000064dfa04c8 at C:\jdk7u1_64p\jdk7u7\hotspot\src\share\vm\interpreter\linkResolver.cpp:805
Event: 19.753 Thread 0x000000000ec83000 Threw 0x000000064dfa05e8 at C:\jdk7u1_64p\jdk7u7\hotspot\src\share\vm\interpreter\linkResolver.cpp:805

Events (10 events):
Event: 19.753 Executing VM operation: RevokeBias done
Event: 19.753 Thread 0x000000000ec81800 Thread exited: 0x000000000ec81800
Event: 19.753 Thread 0x000000000eb3e800 Thread exited: 0x000000000eb3e800
Event: 19.753 Thread 0x000000000eb3f800 Thread exited: 0x000000000eb3f800
Event: 19.753 Thread 0x000000000ec85000 Thread exited: 0x000000000ec85000
Event: 19.753 Thread 0x000000000ec85000 Thread added: 0x000000000ec85000
Event: 19.753 Thread 0x000000000ec81800 Thread added: 0x000000000ec81800
Event: 19.753 Thread 0x000000000eb3e800 Thread added: 0x000000000eb3e800
Event: 19.753 Thread 0x000000000eb3f800 Thread added: 0x000000000eb3f800
Event: 27.856 Executing VM operation: ParallelGCFailedAllocation


Dynamic libraries:
0x000000013f650000 - 0x000000013f684000 	C:\Program Files\Java\jre7\bin\javaw.exe
0x0000000077240000 - 0x00000000773e9000 	C:\windows\SYSTEM32\ntdll.dll
0x0000000077020000 - 0x000000007713f000 	C:\windows\system32\kernel32.dll
0x000007fefd380000 - 0x000007fefd3ec000 	C:\windows\system32\KERNELBASE.dll
0x000007fefe9a0000 - 0x000007fefea7b000 	C:\windows\system32\ADVAPI32.dll
0x000007feff2d0000 - 0x000007feff36f000 	C:\windows\system32\msvcrt.dll
0x000007fefe7b0000 - 0x000007fefe7cf000 	C:\windows\SYSTEM32\sechost.dll
0x000007fefe7d0000 - 0x000007fefe8fd000 	C:\windows\system32\RPCRT4.dll
0x0000000077140000 - 0x000000007723a000 	C:\windows\system32\USER32.dll
0x000007fefe740000 - 0x000007fefe7a7000 	C:\windows\system32\GDI32.dll
0x000007feff060000 - 0x000007feff06e000 	C:\windows\system32\LPK.dll
0x000007fefead0000 - 0x000007fefeb99000 	C:\windows\system32\USP10.dll
0x000007fefaaf0000 - 0x000007feface4000 	C:\windows\WinSxS\amd64_microsoft.windows.common-controls_6595b64144ccf1df_6.0.7601.17514_none_fa396087175ac9ac\COMCTL32.dll
0x000007fefefe0000 - 0x000007feff051000 	C:\windows\system32\SHLWAPI.dll
0x000007fefeea0000 - 0x000007fefeece000 	C:\windows\system32\IMM32.DLL
0x000007fefeed0000 - 0x000007fefefd9000 	C:\windows\system32\MSCTF.dll
0x000007fefd140000 - 0x000007fefd184000 	C:\windows\system32\nvinitx.dll
0x000000000f000000 - 0x000000000f006000 	C:\Program Files\NVIDIA Corporation\CoProcManager\_etoured.dll
0x000007fef8ed0000 - 0x000007fef8f15000 	C:\Program Files\NVIDIA Corporation\CoProcManager\nvd3d9wrapx.dll
0x000007feff370000 - 0x000007feff547000 	C:\windows\system32\SETUPAPI.dll
0x000007fefd300000 - 0x000007fefd336000 	C:\windows\system32\CFGMGR32.dll
0x000007fefe660000 - 0x000007fefe737000 	C:\windows\system32\OLEAUT32.dll
0x000007fefe300000 - 0x000007fefe503000 	C:\windows\system32\ole32.dll
0x000007fefd240000 - 0x000007fefd25a000 	C:\windows\system32\DEVOBJ.dll
0x000007fef8e90000 - 0x000007fef8ec7000 	C:\Program Files\NVIDIA Corporation\CoProcManager\nvdxgiwrapx.dll
0x0000000068f40000 - 0x0000000069011000 	C:\Program Files\Java\jre7\bin\msvcr100.dll
0x0000000061260000 - 0x000000006197f000 	C:\Program Files\Java\jre7\bin\server\jvm.dll
0x000007fefaaa0000 - 0x000007fefaaa9000 	C:\windows\system32\WSOCK32.dll
0x000007fefea80000 - 0x000007fefeacd000 	C:\windows\system32\WS2_32.dll
0x000007fefd560000 - 0x000007fefd568000 	C:\windows\system32\NSI.dll
0x000007fefb1f0000 - 0x000007fefb22b000 	C:\windows\system32\WINMM.dll
0x0000000077400000 - 0x0000000077407000 	C:\windows\system32\PSAPI.DLL
0x0000000074600000 - 0x000000007460f000 	C:\Program Files\Java\jre7\bin\verify.dll
0x00000000745d0000 - 0x00000000745f8000 	C:\Program Files\Java\jre7\bin\java.dll
0x00000000745b0000 - 0x00000000745c5000 	C:\Program Files\Java\jre7\bin\zip.dll
0x000000006e100000 - 0x000000006e293000 	C:\Program Files\Java\jre7\bin\awt.dll
0x000007fefb8b0000 - 0x000007fefb906000 	C:\windows\system32\uxtheme.dll
0x000007fef98b0000 - 0x000007fef98c8000 	C:\windows\system32\dwmapi.dll
0x000007fefd070000 - 0x000007fefd07f000 	C:\windows\system32\CRYPTBASE.dll
0x000000006f090000 - 0x000000006f0c4000 	C:\Program Files\Java\jre7\bin\fontmanager.dll

VM Arguments:
jvm_args: -Xms20000M -Xmx30000M -Dfile.encoding=Cp1252 
java_command: FractalFlameV2
Launcher Type: SUN_STANDARD

Environment Variables:
CLASSPATH=.;C:\Program Files (x86)\Java\jre7\lib\ext\QTJava.zip
PATH=C:\windows\system32;C:\windows;C:\windows\System32\Wbem;C:\windows\System32\WindowsPowerShell\v1.0\;C:\Program Files\VanDyke Software\Clients\;C:\Program Files\MATLAB\R2012a\runtime\win64;C:\Program Files\MATLAB\R2012a\bin;C:\Program Files (x86)\Microsoft SQL Server\100\Tools\Binn\;C:\Program Files (x86)\Microsoft SQL Server\100\DTS\Binn\;C:\MinGW\bin;C:\Program Files\TortoiseSVN\bin;C:\Program Files (x86)\QuickTime\QTSystem\;C:\Program Files (x86)\Intel\OpenCL SDK\2.0\bin\x86;C:\Program Files (x86)\Intel\OpenCL SDK\2.0\bin\x64;C:\Program Files (x86)\Common Files\Ulead Systems\MPEG;C:\Program Files\Java\jdk1.7.0_06\bin;C:\Program Files\Java\jre7\bin;C:\Program Files (x86)\MiKTeX 2.9\miktex\bin\
USERNAME=gollivam
OS=Windows_NT
PROCESSOR_IDENTIFIER=Intel64 Family 6 Model 58 Stepping 9, GenuineIntel



---------------  S Y S T E M  ---------------

OS: Windows 7 , 64 bit Build 7601 Service Pack 1

CPU:total 8 (4 cores per cpu, 2 threads per core) family 6 model 58 stepping 9, cmov, cx8, fxsr, mmx, sse, sse2, sse3, ssse3, sse4.1, sse4.2, popcnt, avx, ht, tsc, tscinvbit, tscinv

Memory: 4k page, physical 33137772k(9674280k free), swap 34299308k(28832k free)

vm_info: Java HotSpot(TM) 64-Bit Server VM (23.3-b01) for windows-amd64 JRE (1.7.0_07-b10), built on Aug 28 2012 18:28:27 by "java_re" with unknown MS VC++:1600

time: Fri Sep 14 21:51:03 2012
elapsed time: 29 seconds

